actionid=tox
msg=packaging
cmdargs=['/Users/numan/.virtualenvs/tastypie/bin/python', local('/Users/numan/.virtualenvs/tastypie/sg-django-tastypie/setup.py'), 'sdist', '--formats=zip', '--dist-dir', local('/Users/numan/.virtualenvs/tastypie/sg-django-tastypie/.tox/dist')]
env=None
running sdist
running egg_info
writing requirements to django_tastypie.egg-info/requires.txt
writing django_tastypie.egg-info/PKG-INFO
writing top-level names to django_tastypie.egg-info/top_level.txt
writing dependency_links to django_tastypie.egg-info/dependency_links.txt
reading manifest file 'django_tastypie.egg-info/SOURCES.txt'
reading manifest template 'MANIFEST.in'
warning: no files found matching 'VERSION'
writing manifest file 'django_tastypie.egg-info/SOURCES.txt'
warning: sdist: standard file not found: should have one of README, README.txt

creating django-tastypie-0.11.1-dev
creating django-tastypie-0.11.1-dev/django_tastypie.egg-info
creating django-tastypie-0.11.1-dev/docs
creating django-tastypie-0.11.1-dev/docs/release_notes
creating django-tastypie-0.11.1-dev/tastypie
creating django-tastypie-0.11.1-dev/tastypie/contrib
creating django-tastypie-0.11.1-dev/tastypie/contrib/contenttypes
creating django-tastypie-0.11.1-dev/tastypie/contrib/gis
creating django-tastypie-0.11.1-dev/tastypie/management
creating django-tastypie-0.11.1-dev/tastypie/management/commands
creating django-tastypie-0.11.1-dev/tastypie/migrations
creating django-tastypie-0.11.1-dev/tastypie/templates
creating django-tastypie-0.11.1-dev/tastypie/templates/tastypie
creating django-tastypie-0.11.1-dev/tastypie/utils
making hard links in django-tastypie-0.11.1-dev...
hard linking AUTHORS -> django-tastypie-0.11.1-dev
hard linking LICENSE -> django-tastypie-0.11.1-dev
hard linking MANIFEST.in -> django-tastypie-0.11.1-dev
hard linking README.rst -> django-tastypie-0.11.1-dev
hard linking setup.cfg -> django-tastypie-0.11.1-dev
hard linking setup.py -> django-tastypie-0.11.1-dev
hard linking django_tastypie.egg-info/PKG-INFO -> django-tastypie-0.11.1-dev/django_tastypie.egg-info
hard linking django_tastypie.egg-info/SOURCES.txt -> django-tastypie-0.11.1-dev/django_tastypie.egg-info
hard linking django_tastypie.egg-info/dependency_links.txt -> django-tastypie-0.11.1-dev/django_tastypie.egg-info
hard linking django_tastypie.egg-info/not-zip-safe -> django-tastypie-0.11.1-dev/django_tastypie.egg-info
hard linking django_tastypie.egg-info/requires.txt -> django-tastypie-0.11.1-dev/django_tastypie.egg-info
hard linking django_tastypie.egg-info/top_level.txt -> django-tastypie-0.11.1-dev/django_tastypie.egg-info
hard linking docs/Makefile -> django-tastypie-0.11.1-dev/docs
hard linking docs/api.rst -> django-tastypie-0.11.1-dev/docs
hard linking docs/authentication.rst -> django-tastypie-0.11.1-dev/docs
hard linking docs/authorization.rst -> django-tastypie-0.11.1-dev/docs
hard linking docs/bundles.rst -> django-tastypie-0.11.1-dev/docs
hard linking docs/caching.rst -> django-tastypie-0.11.1-dev/docs
hard linking docs/compatibility_notes.rst -> django-tastypie-0.11.1-dev/docs
hard linking docs/conf.py -> django-tastypie-0.11.1-dev/docs
hard linking docs/content_types.rst -> django-tastypie-0.11.1-dev/docs
hard linking docs/contributing.rst -> django-tastypie-0.11.1-dev/docs
hard linking docs/cookbook.rst -> django-tastypie-0.11.1-dev/docs
hard linking docs/debugging.rst -> django-tastypie-0.11.1-dev/docs
hard linking docs/fields.rst -> django-tastypie-0.11.1-dev/docs
hard linking docs/geodjango.rst -> django-tastypie-0.11.1-dev/docs
hard linking docs/index.rst -> django-tastypie-0.11.1-dev/docs
hard linking docs/interacting.rst -> django-tastypie-0.11.1-dev/docs
hard linking docs/non_orm_data_sources.rst -> django-tastypie-0.11.1-dev/docs
hard linking docs/paginator.rst -> django-tastypie-0.11.1-dev/docs
hard linking docs/python3.rst -> django-tastypie-0.11.1-dev/docs
hard linking docs/resources.rst -> django-tastypie-0.11.1-dev/docs
hard linking docs/serialization.rst -> django-tastypie-0.11.1-dev/docs
hard linking docs/settings.rst -> django-tastypie-0.11.1-dev/docs
hard linking docs/testing.rst -> django-tastypie-0.11.1-dev/docs
hard linking docs/throttling.rst -> django-tastypie-0.11.1-dev/docs
hard linking docs/toc.rst -> django-tastypie-0.11.1-dev/docs
hard linking docs/tools.rst -> django-tastypie-0.11.1-dev/docs
hard linking docs/tutorial.rst -> django-tastypie-0.11.1-dev/docs
hard linking docs/validation.rst -> django-tastypie-0.11.1-dev/docs
hard linking docs/who_uses.rst -> django-tastypie-0.11.1-dev/docs
hard linking docs/release_notes/index.rst -> django-tastypie-0.11.1-dev/docs/release_notes
hard linking docs/release_notes/v0.10.0.rst -> django-tastypie-0.11.1-dev/docs/release_notes
hard linking docs/release_notes/v0.11.0.rst -> django-tastypie-0.11.1-dev/docs/release_notes
hard linking docs/release_notes/v0.9.13.rst -> django-tastypie-0.11.1-dev/docs/release_notes
hard linking docs/release_notes/v0.9.14.rst -> django-tastypie-0.11.1-dev/docs/release_notes
hard linking docs/release_notes/v0.9.15.rst -> django-tastypie-0.11.1-dev/docs/release_notes
hard linking docs/release_notes/v0.9.16.rst -> django-tastypie-0.11.1-dev/docs/release_notes
hard linking tastypie/__init__.py -> django-tastypie-0.11.1-dev/tastypie
hard linking tastypie/admin.py -> django-tastypie-0.11.1-dev/tastypie
hard linking tastypie/api.py -> django-tastypie-0.11.1-dev/tastypie
hard linking tastypie/authentication.py -> django-tastypie-0.11.1-dev/tastypie
hard linking tastypie/authorization.py -> django-tastypie-0.11.1-dev/tastypie
hard linking tastypie/bundle.py -> django-tastypie-0.11.1-dev/tastypie
hard linking tastypie/cache.py -> django-tastypie-0.11.1-dev/tastypie
hard linking tastypie/compat.py -> django-tastypie-0.11.1-dev/tastypie
hard linking tastypie/constants.py -> django-tastypie-0.11.1-dev/tastypie
hard linking tastypie/exceptions.py -> django-tastypie-0.11.1-dev/tastypie
hard linking tastypie/fields.py -> django-tastypie-0.11.1-dev/tastypie
hard linking tastypie/http.py -> django-tastypie-0.11.1-dev/tastypie
hard linking tastypie/middleware.py -> django-tastypie-0.11.1-dev/tastypie
hard linking tastypie/models.py -> django-tastypie-0.11.1-dev/tastypie
hard linking tastypie/paginator.py -> django-tastypie-0.11.1-dev/tastypie
hard linking tastypie/resources.py -> django-tastypie-0.11.1-dev/tastypie
hard linking tastypie/serializers.py -> django-tastypie-0.11.1-dev/tastypie
hard linking tastypie/test.py -> django-tastypie-0.11.1-dev/tastypie
hard linking tastypie/throttle.py -> django-tastypie-0.11.1-dev/tastypie
hard linking tastypie/validation.py -> django-tastypie-0.11.1-dev/tastypie
hard linking tastypie/contrib/__init__.py -> django-tastypie-0.11.1-dev/tastypie/contrib
hard linking tastypie/contrib/contenttypes/__init__.py -> django-tastypie-0.11.1-dev/tastypie/contrib/contenttypes
hard linking tastypie/contrib/contenttypes/fields.py -> django-tastypie-0.11.1-dev/tastypie/contrib/contenttypes
hard linking tastypie/contrib/contenttypes/resources.py -> django-tastypie-0.11.1-dev/tastypie/contrib/contenttypes
hard linking tastypie/contrib/gis/__init__.py -> django-tastypie-0.11.1-dev/tastypie/contrib/gis
hard linking tastypie/contrib/gis/resources.py -> django-tastypie-0.11.1-dev/tastypie/contrib/gis
hard linking tastypie/management/__init__.py -> django-tastypie-0.11.1-dev/tastypie/management
hard linking tastypie/management/commands/__init__.py -> django-tastypie-0.11.1-dev/tastypie/management/commands
hard linking tastypie/management/commands/backfill_api_keys.py -> django-tastypie-0.11.1-dev/tastypie/management/commands
hard linking tastypie/migrations/0001_initial.py -> django-tastypie-0.11.1-dev/tastypie/migrations
hard linking tastypie/migrations/0002_add_apikey_index.py -> django-tastypie-0.11.1-dev/tastypie/migrations
hard linking tastypie/migrations/__init__.py -> django-tastypie-0.11.1-dev/tastypie/migrations
hard linking tastypie/templates/tastypie/basic.html -> django-tastypie-0.11.1-dev/tastypie/templates/tastypie
hard linking tastypie/templates/tastypie/detail.html -> django-tastypie-0.11.1-dev/tastypie/templates/tastypie
hard linking tastypie/templates/tastypie/list.html -> django-tastypie-0.11.1-dev/tastypie/templates/tastypie
hard linking tastypie/utils/__init__.py -> django-tastypie-0.11.1-dev/tastypie/utils
hard linking tastypie/utils/dict.py -> django-tastypie-0.11.1-dev/tastypie/utils
hard linking tastypie/utils/formatting.py -> django-tastypie-0.11.1-dev/tastypie/utils
hard linking tastypie/utils/mime.py -> django-tastypie-0.11.1-dev/tastypie/utils
hard linking tastypie/utils/timezone.py -> django-tastypie-0.11.1-dev/tastypie/utils
hard linking tastypie/utils/urls.py -> django-tastypie-0.11.1-dev/tastypie/utils
hard linking tastypie/utils/validate_jsonp.py -> django-tastypie-0.11.1-dev/tastypie/utils
copying setup.cfg -> django-tastypie-0.11.1-dev
Writing django-tastypie-0.11.1-dev/setup.cfg
creating '.tox/dist/django-tastypie-0.11.1-dev.zip' and adding 'django-tastypie-0.11.1-dev' to it
adding 'django-tastypie-0.11.1-dev/AUTHORS'
adding 'django-tastypie-0.11.1-dev/LICENSE'
adding 'django-tastypie-0.11.1-dev/MANIFEST.in'
adding 'django-tastypie-0.11.1-dev/PKG-INFO'
adding 'django-tastypie-0.11.1-dev/README.rst'
adding 'django-tastypie-0.11.1-dev/setup.cfg'
adding 'django-tastypie-0.11.1-dev/setup.py'
adding 'django-tastypie-0.11.1-dev/django_tastypie.egg-info/dependency_links.txt'
adding 'django-tastypie-0.11.1-dev/django_tastypie.egg-info/not-zip-safe'
adding 'django-tastypie-0.11.1-dev/django_tastypie.egg-info/PKG-INFO'
adding 'django-tastypie-0.11.1-dev/django_tastypie.egg-info/requires.txt'
adding 'django-tastypie-0.11.1-dev/django_tastypie.egg-info/SOURCES.txt'
adding 'django-tastypie-0.11.1-dev/django_tastypie.egg-info/top_level.txt'
adding 'django-tastypie-0.11.1-dev/docs/api.rst'
adding 'django-tastypie-0.11.1-dev/docs/authentication.rst'
adding 'django-tastypie-0.11.1-dev/docs/authorization.rst'
adding 'django-tastypie-0.11.1-dev/docs/bundles.rst'
adding 'django-tastypie-0.11.1-dev/docs/caching.rst'
adding 'django-tastypie-0.11.1-dev/docs/compatibility_notes.rst'
adding 'django-tastypie-0.11.1-dev/docs/conf.py'
adding 'django-tastypie-0.11.1-dev/docs/content_types.rst'
adding 'django-tastypie-0.11.1-dev/docs/contributing.rst'
adding 'django-tastypie-0.11.1-dev/docs/cookbook.rst'
adding 'django-tastypie-0.11.1-dev/docs/debugging.rst'
adding 'django-tastypie-0.11.1-dev/docs/fields.rst'
adding 'django-tastypie-0.11.1-dev/docs/geodjango.rst'
adding 'django-tastypie-0.11.1-dev/docs/index.rst'
adding 'django-tastypie-0.11.1-dev/docs/interacting.rst'
adding 'django-tastypie-0.11.1-dev/docs/Makefile'
adding 'django-tastypie-0.11.1-dev/docs/non_orm_data_sources.rst'
adding 'django-tastypie-0.11.1-dev/docs/paginator.rst'
adding 'django-tastypie-0.11.1-dev/docs/python3.rst'
adding 'django-tastypie-0.11.1-dev/docs/resources.rst'
adding 'django-tastypie-0.11.1-dev/docs/serialization.rst'
adding 'django-tastypie-0.11.1-dev/docs/settings.rst'
adding 'django-tastypie-0.11.1-dev/docs/testing.rst'
adding 'django-tastypie-0.11.1-dev/docs/throttling.rst'
adding 'django-tastypie-0.11.1-dev/docs/toc.rst'
adding 'django-tastypie-0.11.1-dev/docs/tools.rst'
adding 'django-tastypie-0.11.1-dev/docs/tutorial.rst'
adding 'django-tastypie-0.11.1-dev/docs/validation.rst'
adding 'django-tastypie-0.11.1-dev/docs/who_uses.rst'
adding 'django-tastypie-0.11.1-dev/docs/release_notes/index.rst'
adding 'django-tastypie-0.11.1-dev/docs/release_notes/v0.10.0.rst'
adding 'django-tastypie-0.11.1-dev/docs/release_notes/v0.11.0.rst'
adding 'django-tastypie-0.11.1-dev/docs/release_notes/v0.9.13.rst'
adding 'django-tastypie-0.11.1-dev/docs/release_notes/v0.9.14.rst'
adding 'django-tastypie-0.11.1-dev/docs/release_notes/v0.9.15.rst'
adding 'django-tastypie-0.11.1-dev/docs/release_notes/v0.9.16.rst'
adding 'django-tastypie-0.11.1-dev/tastypie/__init__.py'
adding 'django-tastypie-0.11.1-dev/tastypie/admin.py'
adding 'django-tastypie-0.11.1-dev/tastypie/api.py'
adding 'django-tastypie-0.11.1-dev/tastypie/authentication.py'
adding 'django-tastypie-0.11.1-dev/tastypie/authorization.py'
adding 'django-tastypie-0.11.1-dev/tastypie/bundle.py'
adding 'django-tastypie-0.11.1-dev/tastypie/cache.py'
adding 'django-tastypie-0.11.1-dev/tastypie/compat.py'
adding 'django-tastypie-0.11.1-dev/tastypie/constants.py'
adding 'django-tastypie-0.11.1-dev/tastypie/exceptions.py'
adding 'django-tastypie-0.11.1-dev/tastypie/fields.py'
adding 'django-tastypie-0.11.1-dev/tastypie/http.py'
adding 'django-tastypie-0.11.1-dev/tastypie/middleware.py'
adding 'django-tastypie-0.11.1-dev/tastypie/models.py'
adding 'django-tastypie-0.11.1-dev/tastypie/paginator.py'
adding 'django-tastypie-0.11.1-dev/tastypie/resources.py'
adding 'django-tastypie-0.11.1-dev/tastypie/serializers.py'
adding 'django-tastypie-0.11.1-dev/tastypie/test.py'
adding 'django-tastypie-0.11.1-dev/tastypie/throttle.py'
adding 'django-tastypie-0.11.1-dev/tastypie/validation.py'
adding 'django-tastypie-0.11.1-dev/tastypie/contrib/__init__.py'
adding 'django-tastypie-0.11.1-dev/tastypie/contrib/contenttypes/__init__.py'
adding 'django-tastypie-0.11.1-dev/tastypie/contrib/contenttypes/fields.py'
adding 'django-tastypie-0.11.1-dev/tastypie/contrib/contenttypes/resources.py'
adding 'django-tastypie-0.11.1-dev/tastypie/contrib/gis/__init__.py'
adding 'django-tastypie-0.11.1-dev/tastypie/contrib/gis/resources.py'
adding 'django-tastypie-0.11.1-dev/tastypie/management/__init__.py'
adding 'django-tastypie-0.11.1-dev/tastypie/management/commands/__init__.py'
adding 'django-tastypie-0.11.1-dev/tastypie/management/commands/backfill_api_keys.py'
adding 'django-tastypie-0.11.1-dev/tastypie/migrations/0001_initial.py'
adding 'django-tastypie-0.11.1-dev/tastypie/migrations/0002_add_apikey_index.py'
adding 'django-tastypie-0.11.1-dev/tastypie/migrations/__init__.py'
adding 'django-tastypie-0.11.1-dev/tastypie/templates/tastypie/basic.html'
adding 'django-tastypie-0.11.1-dev/tastypie/templates/tastypie/detail.html'
adding 'django-tastypie-0.11.1-dev/tastypie/templates/tastypie/list.html'
adding 'django-tastypie-0.11.1-dev/tastypie/utils/__init__.py'
adding 'django-tastypie-0.11.1-dev/tastypie/utils/dict.py'
adding 'django-tastypie-0.11.1-dev/tastypie/utils/formatting.py'
adding 'django-tastypie-0.11.1-dev/tastypie/utils/mime.py'
adding 'django-tastypie-0.11.1-dev/tastypie/utils/timezone.py'
adding 'django-tastypie-0.11.1-dev/tastypie/utils/urls.py'
adding 'django-tastypie-0.11.1-dev/tastypie/utils/validate_jsonp.py'
removing 'django-tastypie-0.11.1-dev' (and everything under it)
